AgriBotKotlin/app/build/intermediates/manifest_merge_blame_file/debug/processDebugMainManifest/manifest-merger-blame-debug-report.txt
1<?xml version="1.0" encoding="utf-8"?>
2<manifest xmlns:android="http://schemas.android.com/apk/res/android"
3    package="com.agribot.ghana"
4    android:versionCode="1"
5    android:versionName="1.0" >
6
7    <uses-sdk
8        android:minSdkVersion="24"
9        android:targetSdkVersion="34" />
10
11    <uses-permission android:name="android.permission.INTERNET" />
11-->src/main/AndroidManifest.xml:3:5-66
11-->src/main/AndroidManifest.xml:3:22-64
12
13    <permission
13-->[androidx.core:core:1.12.0] AndroidManifest.xml:22:5-24:47
14        android:name="com.agribot.ghana.DYNAMIC_RECEIVER_NOT_EXPORTED_PERMISSION"
14-->[androidx.core:core:1.12.0] AndroidManifest.xml:23:9-81
15        android:protectionLevel="signature" />
15-->[androidx.core:core:1.12.0] AndroidManifest.xml:24:9-44
16
17    <uses-permission android:name="com.agribot.ghana.DYNAMIC_RECEIVER_NOT_EXPORTED_PERMISSION" />
17-->[androidx.core:core:1.12.0] AndroidManifest.xml:26:5-97
17-->[androidx.core:core:1.12.0] AndroidManifest.xml:26:22-94
18
19    <application
19-->src/main/AndroidManifest.xml:4:5-14:19
20        android:allowBackup="true"
20-->src/main/AndroidManifest.xml:5:9-35
21        android:appComponentFactory="androidx.core.app.CoreComponentFactory"
21-->[androidx.core:core:1.12.0] AndroidManifest.xml:28:18-86
22        android:debuggable="true"
23        android:extractNativeLibs="false"
24        android:label="@string/app_name"
24-->src/main/AndroidManifest.xml:6:9-41
25        android:supportsRtl="true"
25-->src/main/AndroidManifest.xml:7:9-35
26        android:testOnly="true" >
27        <activity
27-->src/main/AndroidManifest.xml:8:9-13:20
28            android:name="com.agribot.ghana.ui.MainActivity"
28-->src/main/AndroidManifest.xml:8:19-50
29            android:exported="true" >
29-->src/main/AndroidManifest.xml:8:51-74
30            <intent-filter>
30-->src/main/AndroidManifest.xml:9:13-12:29
31                <action android:name="android.intent.action.MAIN" />
31-->src/main/AndroidManifest.xml:10:17-69
31-->src/main/AndroidManifest.xml:10:25-66
32
33                <category android:name="android.intent.category.LAUNCHER" />
33-->src/main/AndroidManifest.xml:11:17-77
33-->src/main/AndroidManifest.xml:11:27-74
34            </intent-filter>
35        </activity>
36
37        <provider
37-->[androidx.emoji2:emoji2:1.2.0] AndroidManifest.xml:24:9-32:20
38            android:name="androidx.startup.InitializationProvider"
38-->[androidx.emoji2:emoji2:1.2.0] AndroidManifest.xml:25:13-67
39            android:authorities="com.agribot.ghana.androidx-startup"
39-->[androidx.emoji2:emoji2:1.2.0] AndroidManifest.xml:26:13-68
40            android:exported="false" >
40-->[androidx.emoji2:emoji2:1.2.0] AndroidManifest.xml:27:13-37
41            <meta-data
41-->[androidx.emoji2:emoji2:1.2.0] AndroidManifest.xml:29:13-31:52
42                android:name="androidx.emoji2.text.EmojiCompatInitializer"
42-->[androidx.emoji2:emoji2:1.2.0] AndroidManifest.xml:30:17-75
43                android:value="androidx.startup" />
43-->[androidx.emoji2:emoji2:1.2.0] AndroidManifest.xml:31:17-49
44            <meta-data
44-->[androidx.lifecycle:lifecycle-process:2.6.2] AndroidManifest.xml:29:13-31:52
45                android:name="androidx.lifecycle.ProcessLifecycleInitializer"
45-->[androidx.lifecycle:lifecycle-process:2.6.2] AndroidManifest.xml:30:17-78
46                android:value="androidx.startup" />
46-->[androidx.lifecycle:lifecycle-process:2.6.2] AndroidManifest.xml:31:17-49
47            <meta-data
47-->[androidx.profileinstaller:profileinstaller:1.3.0] AndroidManifest.xml:29:13-31:52
48                android:name="androidx.profileinstaller.ProfileInstallerInitializer"
48-->[androidx.profileinstaller:profileinstaller:1.3.0] AndroidManifest.xml:30:17-85
49                android:value="androidx.startup" />
49-->[androidx.profileinstaller:profileinstaller:1.3.0] AndroidManifest.xml:31:17-49
50        </provider>
51
52        <uses-library
52-->[androidx.window:window:1.0.0] AndroidManifest.xml:25:9-27:40
53            android:name="androidx.window.extensions"
53-->[androidx.window:window:1.0.0] AndroidManifest.xml:26:13-54
54            android:required="false" />
54-->[androidx.window:window:1.0.0] AndroidManifest.xml:27:13-37
55        <uses-library
55-->[androidx.window:window:1.0.0] AndroidManifest.xml:28:9-30:40
56            android:name="androidx.window.sidecar"
56-->[androidx.window:window:1.0.0] AndroidManifest.xml:29:13-51
57            android:required="false" />
57-->[androidx.window:window:1.0.0] AndroidManifest.xml:30:13-37
58
59        <receiver
59-->[androidx.profileinstaller:profileinstaller:1.3.0] AndroidManifest.xml:34:9-52:20
60            android:name="androidx.profileinstaller.ProfileInstallReceiver"
60-->[androidx.profileinstaller:profileinstaller:1.3.0] AndroidManifest.xml:35:13-76
61            android:directBootAware="false"
61-->[androidx.profileinstaller:profileinstaller:1.3.0] AndroidManifest.xml:36:13-44
62            android:enabled="true"
62-->[androidx.profileinstaller:profileinstaller:1.3.0] AndroidManifest.xml:37:13-35
63            android:exported="true"
63-->[androidx.profileinstaller:profileinstaller:1.3.0] AndroidManifest.xml:38:13-36
64            android:permission="android.permission.DUMP" >
64-->[androidx.profileinstaller:profileinstaller:1.3.0] AndroidManifest.xml:39:13-57
65            <intent-filter>
65-->[androidx.profileinstaller:profileinstaller:1.3.0] AndroidManifest.xml:40:13-42:29
66                <action android:name="androidx.profileinstaller.action.INSTALL_PROFILE" />
66-->[androidx.profileinstaller:profileinstaller:1.3.0] AndroidManifest.xml:41:17-91
66-->[androidx.profileinstaller:profileinstaller:1.3.0] AndroidManifest.xml:41:25-88
67            </intent-filter>
68            <intent-filter>
68-->[androidx.profileinstaller:profileinstaller:1.3.0] AndroidManifest.xml:43:13-45:29
69                <action android:name="androidx.profileinstaller.action.SKIP_FILE" />
69-->[androidx.profileinstaller:profileinstaller:1.3.0] AndroidManifest.xml:44:17-85
69-->[androidx.profileinstaller:profileinstaller:1.3.0] AndroidManifest.xml:44:25-82
70            </intent-filter>
71            <intent-filter>
71-->[androidx.profileinstaller:profileinstaller:1.3.0] AndroidManifest.xml:46:13-48:29
72                <action android:name="androidx.profileinstaller.action.SAVE_PROFILE" />
72-->[androidx.profileinstaller:profileinstaller:1.3.0] AndroidManifest.xml:47:17-88
72-->[androidx.profileinstaller:profileinstaller:1.3.0] AndroidManifest.xml:47:25-85
73            </intent-filter>
74            <intent-filter>
74-->[androidx.profileinstaller:profileinstaller:1.3.0] AndroidManifest.xml:49:13-51:29
75                <action android:name="androidx.profileinstaller.action.BENCHMARK_OPERATION" />
75-->[androidx.profileinstaller:profileinstaller:1.3.0] AndroidManifest.xml:50:17-95
75-->[androidx.profileinstaller:profileinstaller:1.3.0] AndroidManifest.xml:50:25-92
76            </intent-filter>
77        </receiver>
78    </application>
79
80</manifest>